<?xml version="1.0" encoding="UTF-8"?>
<!-- Generated by org.testng.reporters.JUnitXMLReporter -->
<testsuite ignored="3" hostname="DESKTOP-ER55616" failures="0" tests="2" name="GroupingAtTest1" time="0.079" errors="0" timestamp="2022-11-16T05:51:21 IST">
  <testcase classname="testNGGroupingStudy.Register" name="registerWithMandatoryField" time="0.019"/>
  <testcase classname="testNGGroupingStudy.Register" name="registerWithoutAnyField" time="0.002"/>
  <testcase classname="testNGGroupingStudy.Register" name="registerWithEnteringAllField" time="0.0">
    <ignored/>
  </testcase> <!-- registerWithEnteringAllField -->
  <testcase classname="testNGGroupingStudy.Register" name="registerWithProvidingWrongInformationInField" time="0.0">
    <ignored/>
  </testcase> <!-- registerWithProvidingWrongInformationInField -->
  <testcase classname="testNGGroupingStudy.Register" name="registerWithProvidingOnlySpacebarinAllField" time="0.0">
    <ignored/>
  </testcase> <!-- registerWithProvidingOnlySpacebarinAllField -->
</testsuite> <!-- GroupingAtTest1 -->
