<?xml version="1.0" encoding="UTF-8"?>
<!-- Generated by org.testng.reporters.JUnitXMLReporter -->
<testsuite ignored="0" hostname="DESKTOP-ER55616" failures="0" tests="4" name="Grouping" time="0.088" errors="0" timestamp="2022-11-18T09:53:06 IST">
  <testcase classname="testNGKeywordsStudy.DependsOnGropss" name="verifyRegisteringAccountByAllField" time="0.014"/>
  <testcase classname="testNGKeywordsStudy.DependsOnGropss" name="verifyLoginByProvidingValidCredentials" time="0.002"/>
  <testcase classname="testNGKeywordsStudy.DependsOnGropss" name="verifyRegisteringAccountByMandatoryField" time="0.002"/>
  <testcase classname="testNGKeywordsStudy.DependsOnGropss" name="verifyLoginByProvidingInValidCredentials" time="0.002"/>
</testsuite> <!-- Grouping -->
