<?xml version="1.0" encoding="UTF-8"?>
<!-- Generated by org.testng.reporters.JUnitXMLReporter -->
<testsuite ignored="2" hostname="DESKTOP-ER55616" failures="0" tests="2" name="GroupingAtTest2" time="0.009" errors="0" timestamp="2022-11-16T05:51:21 IST">
  <testcase classname="testNGGroupingStudy.Login" name="verifywithValidCredentials" time="0.002"/>
  <testcase classname="testNGGroupingStudy.Login" name="verifywithInValidCredentials" time="0.001"/>
  <testcase classname="testNGGroupingStudy.Login" name="verifywithwrongCredentials" time="0.0">
    <ignored/>
  </testcase> <!-- verifywithwrongCredentials -->
  <testcase classname="testNGGroupingStudy.Login" name="verifywithoutValidCredentials" time="0.0">
    <ignored/>
  </testcase> <!-- verifywithoutValidCredentials -->
</testsuite> <!-- GroupingAtTest2 -->
