<?xml version="1.0" encoding="UTF-8"?>
<!-- Generated by org.testng.reporters.JUnitXMLReporter -->
<testsuite ignored="5" hostname="DESKTOP-ER55616" failures="0" tests="4" name="GroupingAtSuiteLevel" time="0.09" errors="0" timestamp="2022-11-16T05:50:14 IST">
  <testcase classname="testNGGroupingStudy.Register" name="registerWithMandatoryField" time="0.013"/>
  <testcase classname="testNGGroupingStudy.Register" name="registerWithoutAnyField" time="0.002"/>
  <testcase classname="testNGGroupingStudy.Login" name="verifywithValidCredentials" time="0.002"/>
  <testcase classname="testNGGroupingStudy.Login" name="verifywithInValidCredentials" time="0.001"/>
  <testcase classname="testNGGroupingStudy.Login" name="verifywithoutValidCredentials" time="0.0">
    <ignored/>
  </testcase> <!-- verifywithoutValidCredentials -->
  <testcase classname="testNGGroupingStudy.Register" name="registerWithProvidingWrongInformationInField" time="0.0">
    <ignored/>
  </testcase> <!-- registerWithProvidingWrongInformationInField -->
  <testcase classname="testNGGroupingStudy.Register" name="registerWithEnteringAllField" time="0.0">
    <ignored/>
  </testcase> <!-- registerWithEnteringAllField -->
  <testcase classname="testNGGroupingStudy.Login" name="verifywithwrongCredentials" time="0.0">
    <ignored/>
  </testcase> <!-- verifywithwrongCredentials -->
  <testcase classname="testNGGroupingStudy.Register" name="registerWithProvidingOnlySpacebarinAllField" time="0.0">
    <ignored/>
  </testcase> <!-- registerWithProvidingOnlySpacebarinAllField -->
</testsuite> <!-- GroupingAtSuiteLevel -->
