<?xml version="1.0" encoding="UTF-8"?>
<!-- Generated by org.testng.reporters.JUnitXMLReporter -->
<testsuite ignored="2" hostname="DESKTOP-ER55616" failures="0" tests="0" time="0.013" errors="0" timestamp="2022-11-16T01:01:24 IST">
  <testcase classname="annotation.IgnoreStudyOnClassLevel" name="verifyTitleOfPage" time="0.0">
    <ignored/>
  </testcase> <!-- verifyTitleOfPage -->
  <testcase classname="annotation.IgnoreStudyOnClassLevel" name="verifyLogin" time="0.0">
    <ignored/>
  </testcase> <!-- verifyLogin -->
</testsuite>
