<?xml version="1.0" encoding="UTF-8"?>
<!-- Generated by org.testng.reporters.JUnitXMLReporter -->
<testsuite ignored="8" hostname="DESKTOP-ER55616" failures="0" tests="0" time="0.016" errors="0" timestamp="2022-11-16T01:08:58 IST">
  <testcase classname="annotation.IgnoreStudyOnClassLevel" name="verifyLogin" time="0.0">
    <ignored/>
  </testcase> <!-- verifyLogin -->
  <testcase classname="annotation.IgnoreStudyOnTestLevel" name="sampleTest" time="0.0">
    <ignored/>
  </testcase> <!-- sampleTest -->
  <testcase classname="annotation.IgnoreStudyOnTestLevel" name="verifyCurrentURL" time="0.0">
    <ignored/>
  </testcase> <!-- verifyCurrentURL -->
  <testcase classname="annotation.Enabled_FalseStudy" name="VerifyTitle" time="0.0">
    <ignored/>
  </testcase> <!-- VerifyTitle -->
  <testcase classname="annotation.Enabled_FalseStudy" name="searchResult" time="0.0">
    <ignored/>
  </testcase> <!-- searchResult -->
  <testcase classname="annotation.IgnoreStudyOnTestLevel" name="sampleTest1" time="0.0">
    <ignored/>
  </testcase> <!-- sampleTest1 -->
  <testcase classname="annotation.IgnoreStudyOnClassLevel" name="verifyTitleOfPage" time="0.0">
    <ignored/>
  </testcase> <!-- verifyTitleOfPage -->
  <testcase classname="annotation.Enabled_FalseStudy" name="verifyCurrentURL" time="0.0">
    <ignored/>
  </testcase> <!-- verifyCurrentURL -->
</testsuite>
