<?xml version="1.0" encoding="UTF-8"?>
<!-- Generated by org.testng.reporters.JUnitXMLReporter -->
<testsuite ignored="0" hostname="DESKTOP-ER55616" failures="0" tests="6" name="PackageRun" time="0.086" errors="0" timestamp="2022-11-18T14:55:58 IST">
  <testcase classname="packageLevelExecution.Login" name="verifyLoginwithNoCredentials" time="0.013"/>
  <testcase classname="packageLevelExecution.Login" name="verifyLoginwithValidCredentials" time="0.002"/>
  <testcase classname="packageLevelExecution.Login" name="verifyLoginwithoutValidCredentials" time="0.002"/>
  <testcase classname="packageLevelExecution.Register" name="verifyRegisteringAccountByAllField" time="0.002"/>
  <testcase classname="packageLevelExecution.Register" name="verifyRegisteringAccountByMandatoryField" time="0.002"/>
  <testcase classname="packageLevelExecution.Register" name="verifyRegisteringAccountWithoutEnteringAnyDataInField" time="0.002"/>
</testsuite> <!-- PackageRun -->
