<?xml version="1.0" encoding="UTF-8"?>
<!-- Generated by org.testng.reporters.JUnitXMLReporter -->
<testsuite ignored="0" hostname="DESKTOP-ER55616" failures="0" tests="5" name="PartialGroupingStudy" time="0.034" errors="0" timestamp="2022-11-16T08:52:59 IST">
  <testcase classname="testNGGroupingStudy.PartialGroupStudy$Register" name="registerWithMandatoryField" time="0.001"/>
  <testcase classname="testNGGroupingStudy.PartialGroupStudy$Register" name="registerWithEnteringAllField" time="0.002"/>
  <testcase classname="testNGGroupingStudy.PartialGroupStudy$Register" name="registerWithoutAnyField" time="0.003"/>
  <testcase classname="testNGGroupingStudy.PartialGroupStudy$Register" name="registerWithProvidingWrongInformationInField" time="0.002"/>
  <testcase classname="testNGGroupingStudy.PartialGroupStudy$Register" name="registerWithProvidingOnlySpacebarinAllField" time="0.001"/>
</testsuite> <!-- PartialGroupingStudy -->
