<?xml version="1.0" encoding="UTF-8"?>
<!-- Generated by org.testng.reporters.JUnitXMLReporter -->
<testsuite ignored="0" hostname="DESKTOP-ER55616" failures="0" tests="5" name="registerFunctionality" time="0.129" errors="0" timestamp="2022-11-16T08:52:59 IST">
  <testcase classname="testNGGroupingStudy.Register" name="registerWithMandatoryField" time="0.017"/>
  <testcase classname="testNGGroupingStudy.Register" name="registerWithEnteringAllField" time="0.002"/>
  <testcase classname="testNGGroupingStudy.Register" name="registerWithoutAnyField" time="0.003"/>
  <testcase classname="testNGGroupingStudy.Register" name="registerWithProvidingWrongInformationInField" time="0.004"/>
  <testcase classname="testNGGroupingStudy.Register" name="registerWithProvidingOnlySpacebarinAllField" time="0.002"/>
</testsuite> <!-- registerFunctionality -->
