<?xml version="1.0" encoding="UTF-8"?>
<!-- Generated by org.testng.reporters.JUnitXMLReporter -->
<testsuite ignored="0" hostname="DESKTOP-ER55616" failures="0" tests="4" name="Test1" time="0.093" errors="0" timestamp="2022-11-19T14:34:51 IST">
  <testcase classname="serialOrParallelExecutionClasses.Register" name="registerWithOnlyMandatoryFields" time="0.014"/>
  <testcase classname="serialOrParallelExecutionClasses.Register" name="registerAllFields" time="0.002"/>
  <testcase classname="serialOrParallelExecutionClasses.Register" name="registerWithoutAnyFields" time="0.002"/>
  <testcase classname="serialOrParallelExecutionClasses.Register" name="registerADuplicateAccount" time="0.003"/>
</testsuite> <!-- Test1 -->
