<?xml version="1.0" encoding="UTF-8"?>
<!-- Generated by org.testng.reporters.JUnitXMLReporter -->
<testsuite ignored="0" hostname="DESKTOP-ER55616" failures="0" tests="5" name="Test2" time="0.021" errors="0" timestamp="2022-11-19T14:34:51 IST">
  <testcase classname="serialOrParallelExecutionClasses.Login" name="loginWithValidCredentials" time="0.002"/>
  <testcase classname="serialOrParallelExecutionClasses.Login" name="loginWithInvalidCredentials" time="0.002"/>
  <testcase classname="serialOrParallelExecutionClasses.Login" name="loginWithoutCredentials" time="0.0"/>
  <testcase classname="serialOrParallelExecutionClasses.Login" name="loginWithInValidEmailAndvalidPasswordCredentials" time="0.001"/>
  <testcase classname="serialOrParallelExecutionClasses.Login" name="loginWithValidEmailAndInvalidPasswordCredentials" time="0.002"/>
</testsuite> <!-- Test2 -->
