<?xml version="1.0" encoding="UTF-8"?>
<!-- Generated by org.testng.reporters.JUnitXMLReporter -->
<testsuite ignored="0" hostname="DESKTOP-ER55616" failures="0" tests="3" name="Test3" time="0.014" errors="0" timestamp="2022-11-19T14:34:51 IST">
  <testcase classname="serialOrParallelExecutionClasses.Search" name="searchValidProduct" time="0.001"/>
  <testcase classname="serialOrParallelExecutionClasses.Search" name="searchWithInValidProduct" time="0.001"/>
  <testcase classname="serialOrParallelExecutionClasses.Search" name="searchNoProduct" time="0.002"/>
</testsuite> <!-- Test3 -->
